# JRE version: OpenJDK Runtime Environment Microsoft-8035246 (17.0.8+7) (build 17.0.8+7-LTS)
# Java VM: OpenJDK 64-Bit Server VM Microsoft-8035246 (17.0.8+7-LTS, mixed mode, sharing, tiered, compressed oops, compressed class ptrs, g1 gc, windows-amd64)
GC Precious Log:
 CPUs: 12 total, 12 available
 Memory: 16163M
 Large Page Support: Disabled
 NUMA Support: Disabled
 Compressed Oops: Enabled (32-bit)
 Heap Region Size: 1M
 Heap Min Capacity: 8M
 Heap Initial Capacity: 254M
 Heap Max Capacity: 2G
 Pre-touch: Disabled
 Parallel Workers: 10
 Concurrent Workers: 3
 Concurrent Refinement Workers: 10
 Periodic GC: Disabled
Heap:
 garbage-first heap   total 332800K, used 202530K [0x0000000080000000, 0x0000000100000000)
  region size 1024K, 43 young (44032K), 8 survivors (8192K)
 Metaspace       used 100514K, committed 101568K, reserved 557056K
  class space    used 14095K, committed 14592K, reserved 425984K
GC Heap History (20 events):
Event: 24.570 GC heap before
{Heap before GC invocations=40 (full 0):
 garbage-first heap   total 195584K, used 150671K [0x0000000080000000, 0x0000000100000000)
  region size 1024K, 61 young (62464K), 7 survivors (7168K)
 Metaspace       used 85067K, committed 85824K, reserved 557056K
  class space    used 12018K, committed 12352K, reserved 425984K
}
Event: 24.577 GC heap after
{Heap after GC invocations=41 (full 0):
 garbage-first heap   total 195584K, used 97736K [0x0000000080000000, 0x0000000100000000)
  region size 1024K, 5 young (5120K), 5 survivors (5120K)
 Metaspace       used 85067K, committed 85824K, reserved 557056K
  class space    used 12018K, committed 12352K, reserved 425984K
}
Event: 25.465 GC heap before
{Heap before GC invocations=42 (full 0):
 garbage-first heap   total 195584K, used 152008K [0x0000000080000000, 0x0000000100000000)
  region size 1024K, 59 young (60416K), 5 survivors (5120K)
 Metaspace       used 86868K, committed 87680K, reserved 557056K
  class space    used 12320K, committed 12672K, reserved 425984K
}
Event: 25.473 GC heap after
{Heap after GC invocations=43 (full 0):
 garbage-first heap   total 195584K, used 105155K [0x0000000080000000, 0x0000000100000000)
  region size 1024K, 8 young (8192K), 8 survivors (8192K)
 Metaspace       used 86868K, committed 87680K, reserved 557056K
  class space    used 12320K, committed 12672K, reserved 425984K
}
Event: 25.505 GC heap before
{Heap before GC invocations=43 (full 0):
 garbage-first heap   total 195584K, used 105155K [0x0000000080000000, 0x0000000100000000)
  region size 1024K, 9 young (9216K), 8 survivors (8192K)
 Metaspace       used 86870K, committed 87680K, reserved 557056K
  class space    used 12320K, committed 12672K, reserved 425984K
}
Event: 25.510 GC heap after
{Heap after GC invocations=44 (full 0):
 garbage-first heap   total 195584K, used 105931K [0x0000000080000000, 0x0000000100000000)
  region size 1024K, 2 young (2048K), 2 survivors (2048K)
 Metaspace       used 86870K, committed 87680K, reserved 557056K
  class space    used 12320K, committed 12672K, reserved 425984K
}
Event: 26.509 GC heap before
{Heap before GC invocations=44 (full 0):
 garbage-first heap   total 195584K, used 159179K [0x0000000080000000, 0x0000000100000000)
  region size 1024K, 49 young (50176K), 2 survivors (2048K)
 Metaspace       used 88746K, committed 89600K, reserved 557056K
  class space    used 12497K, committed 12928K, reserved 425984K
}
Event: 26.517 GC heap after
{Heap after GC invocations=45 (full 0):
 garbage-first heap   total 195584K, used 121759K [0x0000000080000000, 0x0000000100000000)
  region size 1024K, 7 young (7168K), 7 survivors (7168K)
 Metaspace       used 88746K, committed 89600K, reserved 557056K
  class space    used 12497K, committed 12928K, reserved 425984K
}
Event: 26.969 GC heap before
{Heap before GC invocations=46 (full 0):
 garbage-first heap   total 209920K, used 155551K [0x0000000080000000, 0x0000000100000000)
  region size 1024K, 40 young (40960K), 7 survivors (7168K)
 Metaspace       used 89265K, committed 90176K, reserved 557056K
  class space    used 12566K, committed 12992K, reserved 425984K
}
Event: 26.976 GC heap after
{Heap after GC invocations=47 (full 0):
 garbage-first heap   total 209920K, used 131177K [0x0000000080000000, 0x0000000100000000)
  region size 1024K, 5 young (5120K), 5 survivors (5120K)
 Metaspace       used 89265K, committed 90176K, reserved 557056K
  class space    used 12566K, committed 12992K, reserved 425984K
}
Event: 27.053 GC heap before
{Heap before GC invocations=47 (full 0):
 garbage-first heap   total 209920K, used 136297K [0x0000000080000000, 0x0000000100000000)
  region size 1024K, 10 young (10240K), 5 survivors (5120K)
 Metaspace       used 89773K, committed 90688K, reserved 557056K
  class space    used 12633K, committed 13056K, reserved 425984K
}
Event: 27.057 GC heap after
{Heap after GC invocations=48 (full 0):
 garbage-first heap   total 209920K, used 132164K [0x0000000080000000, 0x0000000100000000)
  region size 1024K, 1 young (1024K), 1 survivors (1024K)
 Metaspace       used 89773K, committed 90688K, reserved 557056K
  class space    used 12633K, committed 13056K, reserved 425984K
}
Event: 27.730 GC heap before
{Heap before GC invocations=48 (full 0):
 garbage-first heap   total 209920K, used 168004K [0x0000000080000000, 0x0000000100000000)
  region size 1024K, 36 young (36864K), 1 survivors (1024K)
 Metaspace       used 90873K, committed 91840K, reserved 557056K
  class space    used 12752K, committed 13184K, reserved 425984K
}
Event: 27.734 GC heap after
{Heap after GC invocations=49 (full 0):
 garbage-first heap   total 332800K, used 134884K [0x0000000080000000, 0x0000000100000000)
  region size 1024K, 4 young (4096K), 4 survivors (4096K)
 Metaspace       used 90873K, committed 91840K, reserved 557056K
  class space    used 12752K, committed 13184K, reserved 425984K
}
Event: 29.471 GC heap before
{Heap before GC invocations=49 (full 0):
 garbage-first heap   total 332800K, used 252644K [0x0000000080000000, 0x0000000100000000)
  region size 1024K, 117 young (119808K), 4 survivors (4096K)
 Metaspace       used 96867K, committed 97856K, reserved 557056K
  class space    used 13595K, committed 14080K, reserved 425984K
}
Event: 29.482 GC heap after
{Heap after GC invocations=50 (full 0):
 garbage-first heap   total 332800K, used 149141K [0x0000000080000000, 0x0000000100000000)
  region size 1024K, 15 young (15360K), 15 survivors (15360K)
 Metaspace       used 96867K, committed 97856K, reserved 557056K
  class space    used 13595K, committed 14080K, reserved 425984K
}
Event: 30.686 GC heap before
{Heap before GC invocations=50 (full 0):
 garbage-first heap   total 332800K, used 256661K [0x0000000080000000, 0x0000000100000000)
  region size 1024K, 120 young (122880K), 15 survivors (15360K)
 Metaspace       used 99535K, committed 100608K, reserved 557056K
  class space    used 13958K, committed 14464K, reserved 425984K
}
Event: 30.700 GC heap after
{Heap after GC invocations=51 (full 0):
 garbage-first heap   total 332800K, used 161086K [0x0000000080000000, 0x0000000100000000)
  region size 1024K, 12 young (12288K), 12 survivors (12288K)
 Metaspace       used 99535K, committed 100608K, reserved 557056K
  class space    used 13958K, committed 14464K, reserved 425984K
}
Event: 31.421 GC heap before
{Heap before GC invocations=51 (full 0):
 garbage-first heap   total 332800K, used 261438K [0x0000000080000000, 0x0000000100000000)
  region size 1024K, 111 young (113664K), 12 survivors (12288K)
 Metaspace       used 100486K, committed 101504K, reserved 557056K
  class space    used 14095K, committed 14592K, reserved 425984K
}
Event: 31.432 GC heap after
{Heap after GC invocations=52 (full 0):
 garbage-first heap   total 332800K, used 168738K [0x0000000080000000, 0x0000000100000000)
  region size 1024K, 8 young (8192K), 8 survivors (8192K)
 Metaspace       used 100486K, committed 101504K, reserved 557056K
  class space    used 14095K, committed 14592K, reserved 425984K
}

